<?xml version="1.0" encoding="UTF-8"?>
<!-- Generated by org.testng.reporters.JUnitXMLReporter -->
<testsuite ignored="0" hostname="DESKTOP-0CQ8PV8" failures="1" tests="18" name="Test" time="39.946" errors="0" timestamp="2021-09-01T14:09:41 IST">
  <testcase classname="com.amazon.runner.Runner" name="BestSeller" time="1.524">
    <failure type="java.lang.AssertionError" message="expected [true] but found [false]">
      <![CDATA[java.lang.AssertionError: expected [true] but found [false]
at com.amazon.runner.Runner.BestSeller(Runner.java:88)
at java.base/java.util.ArrayList.forEach(ArrayList.java:1511)
... Removed 31 stack frames]]>
    </failure>
  </testcase> <!-- BestSeller -->
  <testcase classname="com.amazon.runner.Runner" name="Mobiles" time="1.24"/>
  <testcase classname="com.amazon.runner.Runner" name="AmazonPay" time="0.909"/>
  <testcase classname="com.amazon.runner.Runner" name="Fashion" time="1.863"/>
  <testcase classname="com.amazon.runner.Runner" name="Electronics" time="1.446"/>
  <testcase classname="com.amazon.runner.Runner" name="Prime" time="1.342"/>
  <testcase classname="com.amazon.runner.Runner" name="CustomerService" time="0.88"/>
  <testcase classname="com.amazon.runner.Runner" name="NewReleases" time="2.623"/>
  <testcase classname="com.amazon.runner.Runner" name="searchSetUp" time="0.002"/>
  <testcase classname="com.amazon.runner.Runner" name="SearchBox" time="2.112"/>
  <testcase classname="com.amazon.runner.Runner" name="SearchBox" time="2.566"/>
  <testcase classname="com.amazon.runner.Runner" name="SearchBox" time="2.378"/>
  <testcase classname="com.amazon.runner.Runner" name="SearchBox" time="2.953"/>
  <testcase classname="com.amazon.runner.Runner" name="SearchBox" time="2.792"/>
  <testcase classname="com.amazon.runner.Runner" name="SearchBox" time="3.076"/>
  <testcase classname="com.amazon.runner.Runner" name="SearchBox" time="2.985"/>
  <testcase classname="com.amazon.runner.Runner" name="OpenLoginPage" time="0.835"/>
  <testcase classname="com.amazon.runner.Runner" name="loginTest" time="1.237"/>
</testsuite> <!-- Test -->
